<?xml version="1.0" encoding="UTF-8"?>
<!-- Generated by org.testng.reporters.JUnitXMLReporter -->
<testsuite hostname="DELL-PC" name="Test" tests="3" failures="0" timestamp="4 Jan 2020 03:53:22 GMT" time="200.268" errors="0">
  <testcase name="links_count" time="38.235" classname="test_scripts.No_Links_Sentitems_Page"/>
  <testcase name="Compose_mail" time="86.118" classname="test_scripts.Compose_Mail"/>
  <testcase name="Username_test" time="27.541" classname="test_scripts.Login_logout"/>
</testsuite> <!-- Test -->
